
                 *********************************************
                 *                                           *
                 *               M y S p i c e               *
                 *                                           *
                 *         Professional Version 5.5         *
                 *                                           *
                 *********************************************

	Date: Mon Jun 01 02:47:51 2020
	Circuit File: C:\MyCADPro\MyCAD example\Layout\output\DFF1.spc
	Analysis: Transient

**************************  Circuit Description  **************************

     1:  DFF
     2:  *******************************************************************************
     3:  **            MyChip Station LayNet Pro 2017 
     4:  **            Copyright(c) 1992-2017 MyCAD, Inc. 
     5:  **            TIME = 01:43:39  DATE = 06/01/20 
     6:  *******************************************************************************
     7:  *'DFF' LAYOUT CELL
     8:  *.GLOBAL GND:G GND:G D GND:G GND:G
     9:  *.GLOBAL CLK QB GND:G VDD:P Q
    10:  M1             4     CLK     VDD     VDD       PMOS W=2.4U L=0.4U AS=2.64P PS=4.6U AD=2.64P PD=4.6U
    11:  M2             9       4      14       9       PMOS W=2.4U L=0.4U AS=3.14P PS=6.6U AD=2.64P PD=4.6U
    12:  M3           VDD      14      15     VDD       PMOS W=2.4U L=0.4U AS=2.64P PS=4.6U AD=2.64P PD=4.6U
    13:  M4             9      15     VDD     VDD       PMOS W=2.4U L=0.4U AS=3.14P PS=6.6U AD=2.64P PD=4.6U
    14:  M5             Q     CLK      16       Q       PMOS W=2.4U L=0.4U AS=2.64P PS=4.6U AD=2.64P PD=4.6U
    15:  M6            QB      16     VDD     VDD       PMOS W=2.4U L=0.4U AS=2.64P PS=4.6U AD=2.64P PD=4.6U
    16:  M7           VDD      QB       Q     VDD       PMOS W=2.4U L=0.4U AS=2.64P PS=4.6U AD=2.64P PD=4.6U
    17:  *---------------------------------------------------
    18:  *	# OF MOSEF PMOS       : 7
    19:  *---------------------------------------------------
    20:  *
    21:  M8           GND     CLK       4     GND       NMOS W=1.2U L=0.4U AS=1.32P PS=3.4U AD=1.32P PD=3.4U
    22:  M9             D       4      14     GND       NMOS W=1.2U L=0.4U AS=1.32P PS=3.4U AD=1.32P PD=3.4U
    23:  M10          GND      14      15     GND       NMOS W=1.2U L=0.4U AS=1.32P PS=3.4U AD=1.32P PD=3.4U
    24:  M11          GND      15       9     GND       NMOS W=1.2U L=0.4U AS=1.32P PS=3.4U AD=2.62P PD=7U
    25:  M12            9     CLK      16     GND       NMOS W=1.2U L=0.4U AS=2.62P PS=7U AD=1.32P PD=3.4U
    26:  M13           QB      16     GND     GND       NMOS W=1.2U L=0.4U AS=1.32P PS=3.4U AD=1.32P PD=3.4U
    27:  M14          GND      QB       Q     GND       NMOS W=1.2U L=0.4U AS=1.32P PS=3.4U AD=3.92P PD=10.6U
    28:  *---------------------------------------------------
    29:  *	# OF MOSEF NMOS       : 7
    30:  *---------------------------------------------------
    31:  *
    32:  C1           VDD     CLK 7.14e-005P 
    33:  C2           CLK       4 7.96e-005P 
    34:  C3           CLK      14 7.96e-005P 
    35:  C4           CLK      15 9.6e-005P 
    36:  C5             9     CLK 9.6e-005P 
    37:  *---------------------------------------------------
    38:  *	# OF CAPACITOR C          : 5
    39:  *---------------------------------------------------
    40:  *
    41:  C6             4     CLK 0.00016752P 
    42:  C7            16     GND 0.0001932P 
    43:  C8            14       4 0.00034864P 
    44:  C9            14     CLK 0.00042416P 
    45:  C10           15     CLK 0.00033504P 
    46:  C11            D     CLK 0.00016752P 
    47:  C12           16     CLK 0.00019456P 
    48:  C13           16       9 0.00041812P 
    49:  C14          GND     CLK 0.00014048P 
    50:  C15            9     CLK 0.00036208P 
    51:  C16           14     GND 0.0001932P 
    52:  *---------------------------------------------------
    53:  *	# OF CAPACITOR C          : 11
    54:  *---------------------------------------------------
    55:  *
    56:  VDD VDD 0 DC 5
    57:  VSS GND 0 DC 0
    58:  CT_I5 Q GND 500F
    59:  VT_I2 CLK GND PULSE ( 0 5 10N 0.1N 0.1N 0.4N 1N )
    60:  VT_I17 D GND PULSE ( 0 5 5N 10N 10N 40N 100N )
    61:  .TRAN 1n 100n
    62:  **********************************************************
    63:  * TSMC 0352P4M
    64:  * SPICE BSIM3 VERSION 3.1 PARAMETERS
    65:  * SPICE 3f5 Level 8, Star-HSPICE Level 49, UTMOST Level 8
    66:  .MODEL NMOS NMOS (                                 LEVEL   = 49
    67:  +VERSION = 3.1            TNOM    = 27             TOX     = 7.6E-9
    68:  +XJ      = 1E-7           NCH     = 2.3579E17      VTH0    = 0.5027514
    69:  +K1      = 0.5359893      K2      = 0.0258172      K3      = 24.6606744
    70:  +K3B     = 1.4055348      W0      = 5.355464E-6    NLX     = 2.404522E-9
    71:  +DVT0W   = 0              DVT1W   = 0              DVT2W   = 0
    72:  +DVT0    = -0.120252      DVT1    = 3.084588E-3    DVT2    = 0.470688
    73:  +U0      = 417.429294     UA      = -1.40534E-13   UB      = 1.355832E-18
    74:  +UC      = 2.939828E-11   VSAT    = 1.208882E5     A0      = 0.9319916
    75:  +AGS     = 0.1686015      B0      = 1.288356E-6    B1      = 5E-6
    76:  +KETA    = 0.0105706      A1      = 0              A2      = 1
    77:  +RDSW    = 1.103044E3     PRWG    = 1.750872E-3    PRWB    = -0.0916512
    78:  +WR      = 1              WINT    = 6.910593E-8    LINT    = 1.993462E-8
    79:  +XL      = -2E-8          XW      = 0              DWG     = 1.047524E-9
    80:  +DWB     = 1.084571E-8    VOFF    = -0.0906265     NFACTOR = 0.6164962
    81:  +CIT     = 0              CDSC    = 5.145568E-6    CDSCD   = 0
    82:  +CDSCB   = 0              ETA0    = 4.63499E-3     ETAB    = -9.189583E-4
    83:  +DSUB    = 0.1150044      PCLM    = 0.7703416      PDIBLC1 = 0.3438859
    84:  +PDIBLC2 = 8.526878E-3    PDIBLCB = 0.0845601      DROUT   = 0.6859339
    85:  +PSCBE1  = 7.23225E9      PSCBE2  = 5.005586E-10   PVAG    = 0.4108257
    86:  +DELTA   = 0.01           MOBMOD  = 1              PRT     = 0
    87:  +UTE     = -1.5           KT1     = -0.11          KT1L    = 0
    88:  +KT2     = 0.022          UA1     = 4.31E-9        UB1     = -7.61E-18
    89:  +UC1     = -5.6E-11       AT      = 3.3E4          WL      = 0
    90:  +WLN     = 1              WW      = -1.22182E-15   WWN     = 1.1837
    91:  +WWL     = 0              LL      = 0              LLN     = 1
    92:  +LW      = 0              LWN     = 1              LWL     = 0
    93:  +CAPMOD  = 2              XPART   = 0.4            CGDO    = 2.95E-10
    94:  +CGSO    = 2.95E-10       CGBO    = 1E-11          CJ      = 1.08158E-3
    95:  +PB      = 0.7719669      MJ      = 0.3252096      CJSW    = 3.480034E-10
    96:  +PBSW    = 0.99           MJSW    = 0.1576976      PVTH0   = -0.0122678
    97:  +PRDSW   = -93.3365259    PK2     = -3.470912E-3   WKETA   = -3.503848E-3
    98:  +LKETA   = -0.0105386      )
    99:  *
   100:  .MODEL PMOS PMOS (                                 LEVEL   = 49
   101:  +VERSION = 3.1            TNOM    = 27             TOX     = 7.6E-9
   102:  +XJ      = 1E-7           NCH     = 8.52E16        VTH0    = -0.6821549
   103:  +K1      = 0.4197546      K2      = -6.11453E-3    K3      = 35.791795
   104:  +K3B     = -2.796173      W0      = 1.990794E-6    NLX     = 4.309814E-7
   105:  +DVT0W   = 0              DVT1W   = 0              DVT2W   = 0
   106:  +DVT0    = 1.134781       DVT1    = 0.3272645      DVT2    = -1.051562E-3
   107:  +U0      = 141.3184274    UA      = 1.024889E-10   UB      = 1.354611E-18
   108:  +UC      = -3.30244E-11   VSAT    = 1.6171E5       A0      = 0.6693235
   109:  +AGS     = 0.2959248      B0      = 2.86196E-6     B1      = 5E-6
   110:  +KETA    = -6.382387E-3   A1      = 0              A2      = 1
   111:  +RDSW    = 3.44286E3      PRWG    = -0.0626736     PRWB    = 0.0981315
   112:  +WR      = 1              WINT    = 5.340142E-8    LINT    = 1.410986E-9
   113:  +XL      = -2E-8          XW      = 0              DWG     = -4.209302E-9
   114:  +DWB     = 1.12145E-8     VOFF    = -0.1154702     NFACTOR = 2
   115:  +CIT     = 0              CDSC    = 0              CDSCD   = 0
   116:  +CDSCB   = 4.724734E-5    ETA0    = 0.0115959      ETAB    = 2.08259E-4
   117:  +DSUB    = 0.2766226      PCLM    = 7.8965744      PDIBLC1 = 1.97648E-3
   118:  +PDIBLC2 = 8.825766E-3    PDIBLCB = 2.37472E-3     DROUT   = 0.4321935
   119:  +PSCBE1  = 3.010835E10    PSCBE2  = 7.998967E-10   PVAG    = 15
   120:  +DELTA   = 0.01           MOBMOD  = 1              PRT     = 0
   121:  +UTE     = -1.5           KT1     = -0.11          KT1L    = 0
   122:  +KT2     = 0.022          UA1     = 4.31E-9        UB1     = -7.61E-18
   123:  +UC1     = -5.6E-11       AT      = 3.3E4          WL      = 0
   124:  +WLN     = 1              WW      = -5.22182E-16   WWN     = 1.195
   125:  +WWL     = 0              LL      = 0              LLN     = 1
   126:  +LW      = 0              LWN     = 1              LWL     = 0
   127:  +CAPMOD  = 2              XPART   = 0.4            CGDO    = 2.77E-10
   128:  +CGSO    = 2.77E-10       CGBO    = 1E-11          CJ      = 1.417679E-3
   129:  +PB      = 0.99           MJ      = 0.5636812      CJSW    = 4.292884E-10
   130:  +PBSW    = 0.99           MJSW    = 0.3497357      PVTH0   = 0.0116448
   131:  +PRDSW   = -58.3059685    PK2     = 1.654991E-3    WKETA   = -6.310553E-4
   132:  
   133:  

***************************  Model Parameters  ****************************


***************  Device Parameters (Only for .op analysis)  ***************



**************************  Analysis Parameters  **************************

	Stepsize ............ : 1n
	Final time .......... : 100n
	Use Initial Conditions: Off



**************  Options (Only those different from default)  **************



*************************  Simulation Statistics  *************************

	Total number of iterations.....................: 11495
	Number of iterations for transient analysis....: 11469
	Total number of timepoints.....................: 3603
	Number of timepoints accepted..................: 3113
	Number of timepoints rejected..................: 490
	Total analysis time (sec)......................: 0.901
	Transient analysis time (sec)..................: 0.885
	Time spent in device loading (sec).............: 0.251
	Time spent in L-U decomposition (sec)..........: 0
	Time spent in matrix reordering (sec)..........: 0
	Time spent in matrix solving (sec).............: 0
	Time spent in transient L-U decomposition (sec): 0
	Time spent in transient matrix solving (sec)...: 0

***************************  Kernel Messages  *****************************

Circuit: DFF

Warning: parameter xl not supported; value ignored
Warning: parameter xw not supported; value ignored
Warning: parameter xl not supported; value ignored
Warning: parameter xw not supported; value ignored
Warning: vt_i17: no DC value, transient time 0 value used
Warning: vt_i2: no DC value, transient time 0 value used

