
                 *********************************************
                 *                                           *
                 *               M y S p i c e               *
                 *                                           *
                 *         Professional Version 5.5         *
                 *                                           *
                 *********************************************

	Date: Mon Jun 01 02:54:53 2020
	Circuit File: C:\MyCADPro\MyCAD example\Layout\output\DFF2.spc
	Analysis: Transient

**************************  Circuit Description  **************************

     1:  DFF2
     2:  *******************************************************************************
     3:  **            MyChip Station LayNet Pro 2017 
     4:  **            Copyright(c) 1992-2017 MyCAD, Inc. 
     5:  **            TIME = 02:44:30  DATE = 06/01/20 
     6:  *******************************************************************************
     7:  *'DFF2' LAYOUT CELL
     8:  *.GLOBAL GND:G GND:G GND:G VDD:P CLK
     9:  *.GLOBAL QB GND:G VDD:P D Q
    10:  *.GLOBAL VDD:P GND:G
    11:  M1             Q     CLK      17       Q       PMOS W=2.4U L=0.4U AS=2.64P PS=4.6U AD=2.64P PD=4.6U
    12:  M2             3      16     VDD     VDD       PMOS W=2.4U L=0.4U AS=3.14P PS=6.6U AD=2.64P PD=4.6U
    13:  M3           VDD      18      16     VDD       PMOS W=2.4U L=0.4U AS=2.64P PS=4.6U AD=2.64P PD=4.6U
    14:  M4            QB      17     VDD     VDD       PMOS W=2.4U L=0.4U AS=2.64P PS=4.6U AD=2.64P PD=4.6U
    15:  M5           VDD      QB       Q     VDD       PMOS W=2.4U L=0.4U AS=2.64P PS=4.6U AD=2.64P PD=4.6U
    16:  M6            12     CLK     VDD     VDD       PMOS W=2.4U L=0.4U AS=2.64P PS=4.6U AD=2.64P PD=4.6U
    17:  M7             3      12      18       3       PMOS W=2.4U L=0.4U AS=3.14P PS=6.6U AD=2.64P PD=4.6U
    18:  *---------------------------------------------------
    19:  *	# OF MOSEF PMOS       : 7
    20:  *---------------------------------------------------
    21:  *
    22:  M8             3     CLK      17     GND       NMOS W=1.2U L=0.4U AS=2.62P PS=7U AD=1.32P PD=3.4U
    23:  M9             3      16     GND     GND       NMOS W=1.2U L=0.4U AS=2.62P PS=7U AD=1.32P PD=3.4U
    24:  M10          GND      18      16     GND       NMOS W=1.2U L=0.4U AS=1.32P PS=3.4U AD=1.32P PD=3.4U
    25:  M11          GND     CLK      12     GND       NMOS W=1.2U L=0.4U AS=1.32P PS=3.4U AD=1.32P PD=3.4U
    26:  M12           QB      17     GND     GND       NMOS W=1.2U L=0.4U AS=1.32P PS=3.4U AD=1.32P PD=3.4U
    27:  M13          GND      QB       Q     GND       NMOS W=1.2U L=0.4U AS=1.32P PS=3.4U AD=3.92P PD=10.6U
    28:  M14            D      12      18     GND       NMOS W=1.2U L=0.4U AS=1.32P PS=3.4U AD=1.32P PD=3.4U
    29:  *---------------------------------------------------
    30:  *	# OF MOSEF NMOS       : 7
    31:  *---------------------------------------------------
    32:  *
    33:  C1             3     CLK 9.6e-005P 
    34:  *---------------------------------------------------
    35:  *	# OF CAPACITOR C          : 1
    36:  *---------------------------------------------------
    37:  *
    38:  C2            17       3 0.00056812P 
    39:  C3            18      12 0.00016752P 
    40:  C4            17     GND 0.00016752P 
    41:  C5             Q     CLK 0.00061598P 
    42:  C6           GND     CLK 0.00045816P 
    43:  *---------------------------------------------------
    44:  *	# OF CAPACITOR C          : 5
    45:  *---------------------------------------------------
    46:  *
    47:  VDD VDD GND PULSE ( 0 5 0.1n 0.1n 1 2 )
    48:  VSS GND 0 DC 0
    49:  CT_I5 Q GND 500F
    50:  VT_I2 CLK GND PULSE ( 0 5 1N 0.1N 0.1N 0.4N 1N )
    51:  VT_I17 D GND PULSE ( 0 5 5N 10N 10N 40N 100N )
    52:  .TRAN 1n 100n
    53:  **********************************************************
    54:  * TSMC 0352P4M
    55:  * SPICE BSIM3 VERSION 3.1 PARAMETERS
    56:  * SPICE 3f5 Level 8, Star-HSPICE Level 49, UTMOST Level 8
    57:  .MODEL NMOS NMOS (                                 LEVEL   = 49
    58:  +VERSION = 3.1            TNOM    = 27             TOX     = 7.6E-9
    59:  +XJ      = 1E-7           NCH     = 2.3579E17      VTH0    = 0.5027514
    60:  +K1      = 0.5359893      K2      = 0.0258172      K3      = 24.6606744
    61:  +K3B     = 1.4055348      W0      = 5.355464E-6    NLX     = 2.404522E-9
    62:  +DVT0W   = 0              DVT1W   = 0              DVT2W   = 0
    63:  +DVT0    = -0.120252      DVT1    = 3.084588E-3    DVT2    = 0.470688
    64:  +U0      = 417.429294     UA      = -1.40534E-13   UB      = 1.355832E-18
    65:  +UC      = 2.939828E-11   VSAT    = 1.208882E5     A0      = 0.9319916
    66:  +AGS     = 0.1686015      B0      = 1.288356E-6    B1      = 5E-6
    67:  +KETA    = 0.0105706      A1      = 0              A2      = 1
    68:  +RDSW    = 1.103044E3     PRWG    = 1.750872E-3    PRWB    = -0.0916512
    69:  +WR      = 1              WINT    = 6.910593E-8    LINT    = 1.993462E-8
    70:  +XL      = -2E-8          XW      = 0              DWG     = 1.047524E-9
    71:  +DWB     = 1.084571E-8    VOFF    = -0.0906265     NFACTOR = 0.6164962
    72:  +CIT     = 0              CDSC    = 5.145568E-6    CDSCD   = 0
    73:  +CDSCB   = 0              ETA0    = 4.63499E-3     ETAB    = -9.189583E-4
    74:  +DSUB    = 0.1150044      PCLM    = 0.7703416      PDIBLC1 = 0.3438859
    75:  +PDIBLC2 = 8.526878E-3    PDIBLCB = 0.0845601      DROUT   = 0.6859339
    76:  +PSCBE1  = 7.23225E9      PSCBE2  = 5.005586E-10   PVAG    = 0.4108257
    77:  +DELTA   = 0.01           MOBMOD  = 1              PRT     = 0
    78:  +UTE     = -1.5           KT1     = -0.11          KT1L    = 0
    79:  +KT2     = 0.022          UA1     = 4.31E-9        UB1     = -7.61E-18
    80:  +UC1     = -5.6E-11       AT      = 3.3E4          WL      = 0
    81:  +WLN     = 1              WW      = -1.22182E-15   WWN     = 1.1837
    82:  +WWL     = 0              LL      = 0              LLN     = 1
    83:  +LW      = 0              LWN     = 1              LWL     = 0
    84:  +CAPMOD  = 2              XPART   = 0.4            CGDO    = 2.95E-10
    85:  +CGSO    = 2.95E-10       CGBO    = 1E-11          CJ      = 1.08158E-3
    86:  +PB      = 0.7719669      MJ      = 0.3252096      CJSW    = 3.480034E-10
    87:  +PBSW    = 0.99           MJSW    = 0.1576976      PVTH0   = -0.0122678
    88:  +PRDSW   = -93.3365259    PK2     = -3.470912E-3   WKETA   = -3.503848E-3
    89:  +LKETA   = -0.0105386      )
    90:  *
    91:  .MODEL PMOS PMOS (                                 LEVEL   = 49
    92:  +VERSION = 3.1            TNOM    = 27             TOX     = 7.6E-9
    93:  +XJ      = 1E-7           NCH     = 8.52E16        VTH0    = -0.6821549
    94:  +K1      = 0.4197546      K2      = -6.11453E-3    K3      = 35.791795
    95:  +K3B     = -2.796173      W0      = 1.990794E-6    NLX     = 4.309814E-7
    96:  +DVT0W   = 0              DVT1W   = 0              DVT2W   = 0
    97:  +DVT0    = 1.134781       DVT1    = 0.3272645      DVT2    = -1.051562E-3
    98:  +U0      = 141.3184274    UA      = 1.024889E-10   UB      = 1.354611E-18
    99:  +UC      = -3.30244E-11   VSAT    = 1.6171E5       A0      = 0.6693235
   100:  +AGS     = 0.2959248      B0      = 2.86196E-6     B1      = 5E-6
   101:  +KETA    = -6.382387E-3   A1      = 0              A2      = 1
   102:  +RDSW    = 3.44286E3      PRWG    = -0.0626736     PRWB    = 0.0981315
   103:  +WR      = 1              WINT    = 5.340142E-8    LINT    = 1.410986E-9
   104:  +XL      = -2E-8          XW      = 0              DWG     = -4.209302E-9
   105:  +DWB     = 1.12145E-8     VOFF    = -0.1154702     NFACTOR = 2
   106:  +CIT     = 0              CDSC    = 0              CDSCD   = 0
   107:  +CDSCB   = 4.724734E-5    ETA0    = 0.0115959      ETAB    = 2.08259E-4
   108:  +DSUB    = 0.2766226      PCLM    = 7.8965744      PDIBLC1 = 1.97648E-3
   109:  +PDIBLC2 = 8.825766E-3    PDIBLCB = 2.37472E-3     DROUT   = 0.4321935
   110:  +PSCBE1  = 3.010835E10    PSCBE2  = 7.998967E-10   PVAG    = 15
   111:  +DELTA   = 0.01           MOBMOD  = 1              PRT     = 0
   112:  +UTE     = -1.5           KT1     = -0.11          KT1L    = 0
   113:  +KT2     = 0.022          UA1     = 4.31E-9        UB1     = -7.61E-18
   114:  +UC1     = -5.6E-11       AT      = 3.3E4          WL      = 0
   115:  +WLN     = 1              WW      = -5.22182E-16   WWN     = 1.195
   116:  +WWL     = 0              LL      = 0              LLN     = 1
   117:  +LW      = 0              LWN     = 1              LWL     = 0
   118:  +CAPMOD  = 2              XPART   = 0.4            CGDO    = 2.77E-10
   119:  +CGSO    = 2.77E-10       CGBO    = 1E-11          CJ      = 1.417679E-3
   120:  +PB      = 0.99           MJ      = 0.5636812      CJSW    = 4.292884E-10
   121:  +PBSW    = 0.99           MJSW    = 0.3497357      PVTH0   = 0.0116448
   122:  +PRDSW   = -58.3059685    PK2     = 1.654991E-3    WKETA   = -6.310553E-4
   123:  
   124:  

***************************  Model Parameters  ****************************


***************  Device Parameters (Only for .op analysis)  ***************



**************************  Analysis Parameters  **************************

	Stepsize ............ : 1n
	Final time .......... : 100n
	Use Initial Conditions: Off



**************  Options (Only those different from default)  **************



*************************  Simulation Statistics  *************************

	Total number of iterations.....................: 13689
	Number of iterations for transient analysis....: 13562
	Total number of timepoints.....................: 3980
	Number of timepoints accepted..................: 3424
	Number of timepoints rejected..................: 556
	Total analysis time (sec)......................: 0.987
	Transient analysis time (sec)..................: 0.981
	Time spent in device loading (sec).............: 0.27
	Time spent in L-U decomposition (sec)..........: 0
	Time spent in matrix reordering (sec)..........: 0
	Time spent in matrix solving (sec).............: 0
	Time spent in transient L-U decomposition (sec): 0
	Time spent in transient matrix solving (sec)...: 0

***************************  Kernel Messages  *****************************

Circuit: DFF2

Warning: parameter xl not supported; value ignored
Warning: parameter xw not supported; value ignored
Warning: parameter xl not supported; value ignored
Warning: parameter xw not supported; value ignored
Warning: vt_i17: no DC value, transient time 0 value used
Warning: vt_i2: no DC value, transient time 0 value used
Warning: vdd: no DC value, transient time 0 value used

