
                 *********************************************
                 *                                           *
                 *               M y S p i c e               *
                 *                                           *
                 *         Professional Version 5.5         *
                 *                                           *
                 *********************************************

	Date: Sat Jun 13 18:09:06 2020
	Circuit File: C:\MyCADPro\MyCAD example\Layout\output\DIV5n6.spc
	Analysis: Transient

**************************  Circuit Description  **************************

     1:  DIV5N6
     2:  *******************************************************************************
     3:  **            MyChip Station LayNet Pro 2017 
     4:  **            Copyright(c) 1992-2017 MyCAD, Inc. 
     5:  **            TIME = 21:51:54  DATE = 06/04/20 
     6:  *******************************************************************************
     7:  *'DIV5N6' LAYOUT CELL
     8:  *.GLOBAL GND:G CLK VDD:P VDD:P VDD:P
     9:  *.GLOBAL VDD:P GND:G GND:G VDD:P GND:G
    10:  *.GLOBAL GND:G GND:G GND:G VDD:P GND:G
    11:  *.GLOBAL VDD:P GND:G VDD:P VDD:P GND:G
    12:  *.GLOBAL VDD:P Q SEL
    13:  M1            14      11      39      14       PMOS W=2.4U L=0.4U AS=3.14P PS=6.6U AD=2.64P PD=4.6U
    14:  M2             9       4     VDD     VDD       PMOS W=2.4U L=0.4U AS=2.64P PS=4.6U AD=2.64P PD=4.6U
    15:  M3           VDD       9       Q     VDD       PMOS W=2.4U L=0.4U AS=2.64P PS=4.6U AD=1.44P PD=1.2U
    16:  M4           VDD       9       Q     VDD       PMOS W=2.4U L=0.4U AS=2.64P PS=4.6U AD=1.44P PD=1.2U
    17:  M5             8      10     VDD     VDD       PMOS W=2.4U L=0.4U AS=3.14P PS=6.6U AD=2.64P PD=4.6U
    18:  M6           VDD     CLK      11     VDD       PMOS W=2.4U L=0.4U AS=2.64P PS=4.6U AD=2.64P PD=4.6U
    19:  M7            10      41     VDD     VDD       PMOS W=2.4U L=0.4U AS=2.64P PS=4.6U AD=2.64P PD=4.6U
    20:  M8           VDD      39      40     VDD       PMOS W=2.4U L=0.4U AS=2.64P PS=4.6U AD=2.64P PD=4.6U
    21:  M9           VDD      40      14     VDD       PMOS W=2.4U L=0.4U AS=2.64P PS=4.6U AD=3.14P PD=6.6U
    22:  M10            8     CLK      41       8       PMOS W=2.4U L=0.4U AS=3.14P PS=6.6U AD=2.64P PD=4.6U
    23:  M11           28      21      43      28       PMOS W=2.4U L=0.4U AS=3.14P PS=6.6U AD=2.64P PD=4.6U
    24:  M12          VDD       8      15     VDD       PMOS W=2.4U L=0.4U AS=2.64P PS=4.6U AD=1.84P PD=2.33333U
    25:  M13          VDD      43      42     VDD       PMOS W=2.4U L=0.4U AS=2.64P PS=4.6U AD=2.64P PD=4.6U
    26:  M14          VDD      42      28     VDD       PMOS W=2.4U L=0.4U AS=2.64P PS=4.6U AD=3.14P PD=6.6U
    27:  M15           15     SEL      19      15       PMOS W=2.4U L=0.4U AS=1.84P PS=2.33333U AD=3.64P PD=8.6U
    28:  M16          VDD       4      15     VDD       PMOS W=2.4U L=0.4U AS=2.64P PS=4.6U AD=1.84P PD=2.33333U
    29:  M17          VDD     CLK      21     VDD       PMOS W=2.4U L=0.4U AS=2.64P PS=4.6U AD=2.64P PD=4.6U
    30:  M18            6     CLK      46       6       PMOS W=2.4U L=0.4U AS=3.14P PS=6.6U AD=2.64P PD=4.6U
    31:  M19           23      45     VDD     VDD       PMOS W=2.4U L=0.4U AS=3.14P PS=6.6U AD=2.64P PD=4.6U
    32:  M20            4     CLK      47       4       PMOS W=2.4U L=0.4U AS=2.64P PS=4.6U AD=2.64P PD=4.6U
    33:  M21          VDD      48      45     VDD       PMOS W=2.4U L=0.4U AS=2.64P PS=4.6U AD=2.64P PD=4.6U
    34:  M22           29      46     VDD     VDD       PMOS W=2.4U L=0.4U AS=2.64P PS=4.6U AD=2.64P PD=4.6U
    35:  M23            4       5     VDD     VDD       PMOS W=2.4U L=0.4U AS=2.64P PS=4.6U AD=2.64P PD=4.6U
    36:  M24            5      47     VDD     VDD       PMOS W=2.4U L=0.4U AS=3.64P PS=8.6U AD=2.64P PD=4.6U
    37:  M25            6      29     VDD     VDD       PMOS W=2.4U L=0.4U AS=3.14P PS=6.6U AD=2.64P PD=4.6U
    38:  M26           34     CLK     VDD     VDD       PMOS W=2.4U L=0.4U AS=2.64P PS=4.6U AD=2.64P PD=4.6U
    39:  M27           23      34      48      23       PMOS W=2.4U L=0.4U AS=3.14P PS=6.6U AD=2.64P PD=4.6U
    40:  *---------------------------------------------------
    41:  *	# OF MOSEF PMOS       : 27
    42:  *---------------------------------------------------
    43:  *
    44:  M28            6      11      39     GND       NMOS W=1.2U L=0.4U AS=2.62P PS=7U AD=1.32P PD=3.4U
    45:  M29          GND      10       8     GND       NMOS W=1.2U L=0.4U AS=1.32P PS=3.2U AD=2.62P PD=7U
    46:  M30          GND       4       9     GND       NMOS W=1.2U L=0.4U AS=1.32P PS=3.2U AD=1.32P PD=3.4U
    47:  M31          GND      41      10     GND       NMOS W=1.2U L=0.4U AS=1.32P PS=3.2U AD=1.32P PD=3.4U
    48:  M32            Q       9      49     GND       NMOS W=2.4U L=0.4U AS=2.64P PS=4.6U AD=1.44P PD=1.2U
    49:  M33          GND       9      49     GND       NMOS W=2.4U L=0.4U AS=2.64P PS=6.4U AD=1.44P PD=1.2U
    50:  M34          GND      39      40     GND       NMOS W=1.2U L=0.4U AS=1.32P PS=3.2U AD=1.32P PD=3.4U
    51:  M35          GND     CLK      11     GND       NMOS W=1.2U L=0.4U AS=1.32P PS=3.2U AD=1.32P PD=3.4U
    52:  M36          GND      40      14     GND       NMOS W=1.2U L=0.4U AS=1.32P PS=3.2U AD=2.62P PD=7U
    53:  M37           14     CLK      41     GND       NMOS W=1.2U L=0.4U AS=2.62P PS=7U AD=1.32P PD=3.4U
    54:  M38          GND      43      42     GND       NMOS W=1.2U L=0.4U AS=1.32P PS=3.2U AD=1.32P PD=3.4U
    55:  M39          GND      42      28     GND       NMOS W=1.2U L=0.4U AS=1.32P PS=3.2U AD=2.62P PD=7U
    56:  M40            8      21      43     GND       NMOS W=1.2U L=0.4U AS=2.62P PS=7U AD=1.32P PD=3.4U
    57:  M41           15       8      50     GND       NMOS W=2.4U L=0.4U AS=5.24P PS=11.8U AD=1.44P PD=1.2U
    58:  M42            5     SEL      19     GND       NMOS W=1.2U L=0.4U AS=1.32P PS=3.4U AD=1.32P PD=3.4U
    59:  M43          GND       4      50     GND       NMOS W=2.4U L=0.4U AS=2.64P PS=4.6U AD=1.44P PD=1.2U
    60:  M44          GND     CLK      21     GND       NMOS W=1.2U L=0.4U AS=1.32P PS=3.2U AD=1.32P PD=3.4U
    61:  M45           23     CLK      46     GND       NMOS W=1.2U L=0.4U AS=2.62P PS=7U AD=1.32P PD=3.4U
    62:  M46           23      45     GND     GND       NMOS W=1.2U L=0.4U AS=2.62P PS=7U AD=1.32P PD=3.4U
    63:  M47            4       5     GND     GND       NMOS W=1.2U L=0.4U AS=3.92P PS=10.6U AD=1.32P PD=3.4U
    64:  M48            5      47     GND     GND       NMOS W=1.2U L=0.4U AS=1.32P PS=3.4U AD=1.32P PD=3.4U
    65:  M49          GND      48      45     GND       NMOS W=1.2U L=0.4U AS=1.32P PS=3.4U AD=1.32P PD=3.4U
    66:  M50          GND     CLK      34     GND       NMOS W=1.2U L=0.4U AS=1.32P PS=3.4U AD=1.32P PD=3.4U
    67:  M51           28     CLK      47     GND       NMOS W=1.2U L=0.4U AS=2.62P PS=7U AD=1.32P PD=3.4U
    68:  M52           29      46     GND     GND       NMOS W=1.2U L=0.4U AS=1.32P PS=3.4U AD=1.32P PD=3.4U
    69:  M53            6      29     GND     GND       NMOS W=1.2U L=0.4U AS=2.62P PS=7U AD=1.32P PD=3.4U
    70:  M54           19      34      48     GND       NMOS W=1.2U L=0.4U AS=1.32P PS=3.4U AD=1.32P PD=3.4U
    71:  *---------------------------------------------------
    72:  *	# OF MOSEF NMOS       : 27
    73:  *---------------------------------------------------
    74:  *
    75:  C1             Q       9 0.00015088P 
    76:  C2            15       8 0.00015088P 
    77:  *---------------------------------------------------
    78:  *	# OF CAPACITOR C          : 2
    79:  *---------------------------------------------------
    80:  *
    81:  C3           GND      11 9.6e-005P 
    82:  C4            14     CLK 9.6e-005P 
    83:  C5           GND      21 9.6e-005P 
    84:  C6            15       8 0.000184P 
    85:  C7            23     CLK 9.6e-005P 
    86:  C8            28     CLK 9.6e-005P 
    87:  *---------------------------------------------------
    88:  *	# OF CAPACITOR C          : 6
    89:  *---------------------------------------------------
    90:  *
    91:  C9            41      14 0.00056812P 
    92:  C10           19      23 0.00018104P 
    93:  C11           41     GND 0.00127176P 
    94:  C12           43     GND 0.00100576P 
    95:  C13            8      14 0.0002074P 
    96:  C14           19     CLK 0.0002216P 
    97:  C15            4     GND 0.00019456P 
    98:  C16           39     GND 0.0008976P 
    99:  C17            8      11 0.0002216P 
   100:  C18           39      11 0.00016752P 
   101:  C19           43      21 0.00016752P 
   102:  C20           43       8 0.00015468P 
   103:  C21           14     GND 0.00037492P 
   104:  C22            8      15 0.00074812P 
   105:  C23           46     GND 0.00016752P 
   106:  C24           47     GND 0.00016752P 
   107:  C25           46      23 0.00056812P 
   108:  C26          VDD      14 0.00018104P 
   109:  C27           47      28 0.00056812P 
   110:  C28            4      28 0.00018104P 
   111:  C29            4     CLK 0.00061598P 
   112:  C30            6     CLK 0.00061666P 
   113:  C31            4      21 0.00019456P 
   114:  C32          GND     CLK 0.00045816P 
   115:  C33          GND     CLK 0.00091632P 
   116:  C34           48      34 0.00016752P 
   117:  C35           48      19 0.00016752P 
   118:  C36            8     CLK 0.00061598P 
   119:  C37           19      34 0.00019456P 
   120:  C38            4       5 0.000354P 
   121:  C39            Q       9 0.0002216P 
   122:  C40           28     GND 0.00038912P 
   123:  *---------------------------------------------------
   124:  *	# OF CAPACITOR C          : 32
   125:  *---------------------------------------------------
   126:  *
   127:  CT_I5 Q GND 500F
   128:  VT_I2 CLK GND PULSE ( 0 5 10N 0.1N 0.1N 0.4N 1N )
   129:  VT_I17 SEL GND PULSE ( 0 5 5N 10N 10N 40N 100N )
   130:  VDD VDD 0 DC 5
   131:  VSS GND 0 DC 0
   132:  **********************************************************
   133:  .TRAN 1n 200n
   134:  **********************************************************
   135:  * TSMC 0352P4M
   136:  * SPICE BSIM3 VERSION 3.1 PARAMETERS
   137:  * SPICE 3f5 Level 8, Star-HSPICE Level 49, UTMOST Level 8
   138:  .MODEL NMOS NMOS (                                 LEVEL   = 49
   139:  +VERSION = 3.1            TNOM    = 27             TOX     = 7.6E-9
   140:  +XJ      = 1E-7           NCH     = 2.3579E17      VTH0    = 0.5027514
   141:  +K1      = 0.5359893      K2      = 0.0258172      K3      = 24.6606744
   142:  +K3B     = 1.4055348      W0      = 5.355464E-6    NLX     = 2.404522E-9
   143:  +DVT0W   = 0              DVT1W   = 0              DVT2W   = 0
   144:  +DVT0    = -0.120252      DVT1    = 3.084588E-3    DVT2    = 0.470688
   145:  +U0      = 417.429294     UA      = -1.40534E-13   UB      = 1.355832E-18
   146:  +UC      = 2.939828E-11   VSAT    = 1.208882E5     A0      = 0.9319916
   147:  +AGS     = 0.1686015      B0      = 1.288356E-6    B1      = 5E-6
   148:  +KETA    = 0.0105706      A1      = 0              A2      = 1
   149:  +RDSW    = 1.103044E3     PRWG    = 1.750872E-3    PRWB    = -0.0916512
   150:  +WR      = 1              WINT    = 6.910593E-8    LINT    = 1.993462E-8
   151:  +XL      = -2E-8          XW      = 0              DWG     = 1.047524E-9
   152:  +DWB     = 1.084571E-8    VOFF    = -0.0906265     NFACTOR = 0.6164962
   153:  +CIT     = 0              CDSC    = 5.145568E-6    CDSCD   = 0
   154:  +CDSCB   = 0              ETA0    = 4.63499E-3     ETAB    = -9.189583E-4
   155:  +DSUB    = 0.1150044      PCLM    = 0.7703416      PDIBLC1 = 0.3438859
   156:  +PDIBLC2 = 8.526878E-3    PDIBLCB = 0.0845601      DROUT   = 0.6859339
   157:  +PSCBE1  = 7.23225E9      PSCBE2  = 5.005586E-10   PVAG    = 0.4108257
   158:  +DELTA   = 0.01           MOBMOD  = 1              PRT     = 0
   159:  +UTE     = -1.5           KT1     = -0.11          KT1L    = 0
   160:  +KT2     = 0.022          UA1     = 4.31E-9        UB1     = -7.61E-18
   161:  +UC1     = -5.6E-11       AT      = 3.3E4          WL      = 0
   162:  +WLN     = 1              WW      = -1.22182E-15   WWN     = 1.1837
   163:  +WWL     = 0              LL      = 0              LLN     = 1
   164:  +LW      = 0              LWN     = 1              LWL     = 0
   165:  +CAPMOD  = 2              XPART   = 0.4            CGDO    = 2.95E-10
   166:  +CGSO    = 2.95E-10       CGBO    = 1E-11          CJ      = 1.08158E-3
   167:  +PB      = 0.7719669      MJ      = 0.3252096      CJSW    = 3.480034E-10
   168:  +PBSW    = 0.99           MJSW    = 0.1576976      PVTH0   = -0.0122678
   169:  +PRDSW   = -93.3365259    PK2     = -3.470912E-3   WKETA   = -3.503848E-3
   170:  +LKETA   = -0.0105386      )
   171:  *
   172:  .MODEL PMOS PMOS (                                 LEVEL   = 49
   173:  +VERSION = 3.1            TNOM    = 27             TOX     = 7.6E-9
   174:  +XJ      = 1E-7           NCH     = 8.52E16        VTH0    = -0.6821549
   175:  +K1      = 0.4197546      K2      = -6.11453E-3    K3      = 35.791795
   176:  +K3B     = -2.796173      W0      = 1.990794E-6    NLX     = 4.309814E-7
   177:  +DVT0W   = 0              DVT1W   = 0              DVT2W   = 0
   178:  +DVT0    = 1.134781       DVT1    = 0.3272645      DVT2    = -1.051562E-3
   179:  +U0      = 141.3184274    UA      = 1.024889E-10   UB      = 1.354611E-18
   180:  +UC      = -3.30244E-11   VSAT    = 1.6171E5       A0      = 0.6693235
   181:  +AGS     = 0.2959248      B0      = 2.86196E-6     B1      = 5E-6
   182:  +KETA    = -6.382387E-3   A1      = 0              A2      = 1
   183:  +RDSW    = 3.44286E3      PRWG    = -0.0626736     PRWB    = 0.0981315
   184:  +WR      = 1              WINT    = 5.340142E-8    LINT    = 1.410986E-9
   185:  +XL      = -2E-8          XW      = 0              DWG     = -4.209302E-9
   186:  +DWB     = 1.12145E-8     VOFF    = -0.1154702     NFACTOR = 2
   187:  +CIT     = 0              CDSC    = 0              CDSCD   = 0
   188:  +CDSCB   = 4.724734E-5    ETA0    = 0.0115959      ETAB    = 2.08259E-4
   189:  +DSUB    = 0.2766226      PCLM    = 7.8965744      PDIBLC1 = 1.97648E-3
   190:  +PDIBLC2 = 8.825766E-3    PDIBLCB = 2.37472E-3     DROUT   = 0.4321935
   191:  +PSCBE1  = 3.010835E10    PSCBE2  = 7.998967E-10   PVAG    = 15
   192:  +DELTA   = 0.01           MOBMOD  = 1              PRT     = 0
   193:  +UTE     = -1.5           KT1     = -0.11          KT1L    = 0
   194:  +KT2     = 0.022          UA1     = 4.31E-9        UB1     = -7.61E-18
   195:  +UC1     = -5.6E-11       AT      = 3.3E4          WL      = 0
   196:  +WLN     = 1              WW      = -5.22182E-16   WWN     = 1.195
   197:  +WWL     = 0              LL      = 0              LLN     = 1
   198:  +LW      = 0              LWN     = 1              LWL     = 0
   199:  +CAPMOD  = 2              XPART   = 0.4            CGDO    = 2.77E-10
   200:  +CGSO    = 2.77E-10       CGBO    = 1E-11          CJ      = 1.417679E-3
   201:  +PB      = 0.99           MJ      = 0.5636812      CJSW    = 4.292884E-10
   202:  +PBSW    = 0.99           MJSW    = 0.3497357      PVTH0   = 0.0116448
   203:  +PRDSW   = -58.3059685    PK2     = 1.654991E-3    WKETA   = -6.310553E-4
   204:  +LKETA   = 1.189744E-3     )
   205:  
   206:  

***************************  Model Parameters  ****************************


***************  Device Parameters (Only for .op analysis)  ***************



**************************  Analysis Parameters  **************************

	Stepsize ............ : 1n
	Final time .......... : 200n
	Use Initial Conditions: Off



**************  Options (Only those different from default)  **************



*************************  Simulation Statistics  *************************

	Total number of iterations.....................: 0
	Number of iterations for transient analysis....: 0
	Total number of timepoints.....................: 0
	Number of timepoints accepted..................: 0
	Number of timepoints rejected..................: 0
	Total analysis time (sec)......................: 0
	Transient analysis time (sec)..................: 0
	Time spent in device loading (sec).............: 0
	Time spent in L-U decomposition (sec)..........: 0
	Time spent in matrix reordering (sec)..........: 0
	Time spent in matrix solving (sec).............: 0
	Time spent in transient L-U decomposition (sec): 0
	Time spent in transient matrix solving (sec)...: 0

***************************  Kernel Messages  *****************************

Circuit: DIV5N6

Warning: parameter xl not supported; value ignored
Warning: parameter xw not supported; value ignored
Warning: parameter xl not supported; value ignored
Warning: parameter xw not supported; value ignored
Warning: Pd = 1.2e-006 is less than W for m43 in model nmos.
Warning: vt_i17: no DC value, transient time 0 value used
Warning: vt_i2: no DC value, transient time 0 value used
Simulation cancelled by user

