
                 *********************************************
                 *                                           *
                 *               M y S p i c e               *
                 *                                           *
                 *         Professional Version 5.5         *
                 *                                           *
                 *********************************************

	Date: Sun May 31 19:04:14 2020
	Circuit File: C:\MyCADPro\MyCAD example\Layout\output\inverter.spc
	Analysis: Transient

**************************  Circuit Description  **************************

     1:  INV
     2:  *******************************************************************************
     3:  **            MyChip Station LayNet Pro 2017 
     4:  **            Copyright(c) 1992-2017 MyCAD, Inc. 
     5:  **            TIME = 19:00:26  DATE = 05/31/20 
     6:  *******************************************************************************
     7:  *'INV' LAYOUT CELL
     8:  *.GLOBAL IN0 GND:G OUT0 VDD:P
     9:  M1          OUT0     IN0     VDD     VDD       PMOS W=2.4U L=0.4U AS=2.64P PS=4.6U AD=2.64P PD=4.6U
    10:  *---------------------------------------------------
    11:  *	# OF MOSEF PMOS       : 1
    12:  *---------------------------------------------------
    13:  *
    14:  M2           GND     IN0    OUT0     GND       NMOS W=1.2U L=0.4U AS=1.32P PS=3.4U AD=1.32P PD=3.4U
    15:  *---------------------------------------------------
    16:  *	# OF MOSEF NMOS       : 1
    17:  *---------------------------------------------------
    18:  *
    19:  
    20:  VDD VDD 0 DC 5
    21:  VSS GND 0 DC 0
    22:  CL OUT0 GND 0.1p
    23:  VIN IN0 GND PULSE ( 0 5 20n 2n 2n 48n 100n)
    24:  .TRAN 1n 200n
    25:  
    26:  * TSMC 0352P4M
    27:  * SPICE BSIM3 VERSION 3.1 PARAMETERS
    28:  * SPICE 3f5 Level 8, Star-HSPICE Level 49, UTMOST Level 8
    29:  .MODEL NMOS NMOS (                                 LEVEL   = 49
    30:  +VERSION = 3.1            TNOM    = 27             TOX     = 7.6E-9
    31:  +XJ      = 1E-7           NCH     = 2.3579E17      VTH0    = 0.5027514
    32:  +K1      = 0.5359893      K2      = 0.0258172      K3      = 24.6606744
    33:  +K3B     = 1.4055348      W0      = 5.355464E-6    NLX     = 2.404522E-9
    34:  +DVT0W   = 0              DVT1W   = 0              DVT2W   = 0
    35:  +DVT0    = -0.120252      DVT1    = 3.084588E-3    DVT2    = 0.470688
    36:  +U0      = 417.429294     UA      = -1.40534E-13   UB      = 1.355832E-18
    37:  +UC      = 2.939828E-11   VSAT    = 1.208882E5     A0      = 0.9319916
    38:  +AGS     = 0.1686015      B0      = 1.288356E-6    B1      = 5E-6
    39:  +KETA    = 0.0105706      A1      = 0              A2      = 1
    40:  +RDSW    = 1.103044E3     PRWG    = 1.750872E-3    PRWB    = -0.0916512
    41:  +WR      = 1              WINT    = 6.910593E-8    LINT    = 1.993462E-8
    42:  +XL      = -2E-8          XW      = 0              DWG     = 1.047524E-9
    43:  +DWB     = 1.084571E-8    VOFF    = -0.0906265     NFACTOR = 0.6164962
    44:  +CIT     = 0              CDSC    = 5.145568E-6    CDSCD   = 0
    45:  +CDSCB   = 0              ETA0    = 4.63499E-3     ETAB    = -9.189583E-4
    46:  +DSUB    = 0.1150044      PCLM    = 0.7703416      PDIBLC1 = 0.3438859
    47:  +PDIBLC2 = 8.526878E-3    PDIBLCB = 0.0845601      DROUT   = 0.6859339
    48:  +PSCBE1  = 7.23225E9      PSCBE2  = 5.005586E-10   PVAG    = 0.4108257
    49:  +DELTA   = 0.01           MOBMOD  = 1              PRT     = 0
    50:  +UTE     = -1.5           KT1     = -0.11          KT1L    = 0
    51:  +KT2     = 0.022          UA1     = 4.31E-9        UB1     = -7.61E-18
    52:  +UC1     = -5.6E-11       AT      = 3.3E4          WL      = 0
    53:  +WLN     = 1              WW      = -1.22182E-15   WWN     = 1.1837
    54:  +WWL     = 0              LL      = 0              LLN     = 1
    55:  +LW      = 0              LWN     = 1              LWL     = 0
    56:  +CAPMOD  = 2              XPART   = 0.4            CGDO    = 2.95E-10
    57:  +CGSO    = 2.95E-10       CGBO    = 1E-11          CJ      = 1.08158E-3
    58:  +PB      = 0.7719669      MJ      = 0.3252096      CJSW    = 3.480034E-10
    59:  +PBSW    = 0.99           MJSW    = 0.1576976      PVTH0   = -0.0122678
    60:  +PRDSW   = -93.3365259    PK2     = -3.470912E-3   WKETA   = -3.503848E-3
    61:  +LKETA   = -0.0105386      )
    62:  *
    63:  .MODEL PMOS PMOS (                                 LEVEL   = 49
    64:  +VERSION = 3.1            TNOM    = 27             TOX     = 7.6E-9
    65:  +XJ      = 1E-7           NCH     = 8.52E16        VTH0    = -0.6821549
    66:  +K1      = 0.4197546      K2      = -6.11453E-3    K3      = 35.791795
    67:  +K3B     = -2.796173      W0      = 1.990794E-6    NLX     = 4.309814E-7
    68:  +DVT0W   = 0              DVT1W   = 0              DVT2W   = 0
    69:  +DVT0    = 1.134781       DVT1    = 0.3272645      DVT2    = -1.051562E-3
    70:  +U0      = 141.3184274    UA      = 1.024889E-10   UB      = 1.354611E-18
    71:  +UC      = -3.30244E-11   VSAT    = 1.6171E5       A0      = 0.6693235
    72:  +AGS     = 0.2959248      B0      = 2.86196E-6     B1      = 5E-6
    73:  +KETA    = -6.382387E-3   A1      = 0              A2      = 1
    74:  +RDSW    = 3.44286E3      PRWG    = -0.0626736     PRWB    = 0.0981315
    75:  +WR      = 1              WINT    = 5.340142E-8    LINT    = 1.410986E-9
    76:  +XL      = -2E-8          XW      = 0              DWG     = -4.209302E-9
    77:  +DWB     = 1.12145E-8     VOFF    = -0.1154702     NFACTOR = 2
    78:  +CIT     = 0              CDSC    = 0              CDSCD   = 0
    79:  +CDSCB   = 4.724734E-5    ETA0    = 0.0115959      ETAB    = 2.08259E-4
    80:  +DSUB    = 0.2766226      PCLM    = 7.8965744      PDIBLC1 = 1.97648E-3
    81:  +PDIBLC2 = 8.825766E-3    PDIBLCB = 2.37472E-3     DROUT   = 0.4321935
    82:  +PSCBE1  = 3.010835E10    PSCBE2  = 7.998967E-10   PVAG    = 15
    83:  +DELTA   = 0.01           MOBMOD  = 1              PRT     = 0
    84:  +UTE     = -1.5           KT1     = -0.11          KT1L    = 0
    85:  +KT2     = 0.022          UA1     = 4.31E-9        UB1     = -7.61E-18
    86:  +UC1     = -5.6E-11       AT      = 3.3E4          WL      = 0
    87:  +WLN     = 1              WW      = -5.22182E-16   WWN     = 1.195
    88:  +WWL     = 0              LL      = 0              LLN     = 1
    89:  +LW      = 0              LWN     = 1              LWL     = 0
    90:  +CAPMOD  = 2              XPART   = 0.4            CGDO    = 2.77E-10
    91:  +CGSO    = 2.77E-10       CGBO    = 1E-11          CJ      = 1.417679E-3
    92:  +PB      = 0.99           MJ      = 0.5636812      CJSW    = 4.292884E-10
    93:  +PBSW    = 0.99           MJSW    = 0.3497357      PVTH0   = 0.0116448
    94:  +PRDSW   = -58.3059685    PK2     = 1.654991E-3    WKETA   = -6.310553E-4
    95:  +LKETA   = 1.189744E-3     )
    96:  *

***************************  Model Parameters  ****************************


***************  Device Parameters (Only for .op analysis)  ***************



**************************  Analysis Parameters  **************************

	Stepsize ............ : 1n
	Final time .......... : 200n
	Use Initial Conditions: Off



**************  Options (Only those different from default)  **************



*************************  Simulation Statistics  *************************

	Total number of iterations.....................: 350
	Number of iterations for transient analysis....: 343
	Total number of timepoints.....................: 136
	Number of timepoints accepted..................: 122
	Number of timepoints rejected..................: 14
	Total analysis time (sec)......................: 0.015
	Transient analysis time (sec)..................: 0.015
	Time spent in device loading (sec).............: 0
	Time spent in L-U decomposition (sec)..........: 0
	Time spent in matrix reordering (sec)..........: 0
	Time spent in matrix solving (sec).............: 0
	Time spent in transient L-U decomposition (sec): 0
	Time spent in transient matrix solving (sec)...: 0

***************************  Kernel Messages  *****************************

Circuit: INV

Warning: parameter xl not supported; value ignored
Warning: parameter xw not supported; value ignored
Warning: parameter xl not supported; value ignored
Warning: parameter xw not supported; value ignored
Warning: vin: no DC value, transient time 0 value used

