
                 *********************************************
                 *                                           *
                 *               M y S p i c e               *
                 *                                           *
                 *         Professional Version 5.5         *
                 *                                           *
                 *********************************************

	Date: Mon Jun 01 00:24:35 2020
	Circuit File: C:\MyCADPro\MyCAD example\Layout\output\latch2.spc
	Analysis: Transient

**************************  Circuit Description  **************************

     1:  LATCHVER2
     2:  *******************************************************************************
     3:  **            MyChip Station LayNet Pro 2017 
     4:  **            Copyright(c) 1992-2017 MyCAD, Inc. 
     5:  **            TIME = 00:23:33  DATE = 06/01/20 
     6:  *******************************************************************************
     7:  *'LATCHVER2' LAYOUT CELL
     8:  *.GLOBAL D CLK GND:G GND:G VDD:P
     9:  *.GLOBAL QB GND:G VDD:P Q
    10:  M1             5      12       Q       Q       PMOS W=2.4U L=0.4U AS=2.64P PS=4.6U AD=2.64P PD=4.6U
    11:  M2           VDD       5      QB       Q       PMOS W=2.4U L=0.4U AS=2.64P PS=4.6U AD=2.64P PD=4.6U
    12:  M3           VDD      QB       Q       Q       PMOS W=2.4U L=0.4U AS=2.64P PS=4.6U AD=2.64P PD=4.6U
    13:  *---------------------------------------------------
    14:  *	# OF MOSEF PMOS       : 3
    15:  *---------------------------------------------------
    16:  *
    17:  M4             D      12       5     GND       NMOS W=1.2U L=0.4U AS=1.32P PS=3.4U AD=1.32P PD=3.4U
    18:  M5           GND       5      QB     GND       NMOS W=1.2U L=0.4U AS=1.32P PS=3.4U AD=1.32P PD=3.4U
    19:  M6           GND      QB       Q     GND       NMOS W=1.2U L=0.4U AS=1.32P PS=3.4U AD=3.92P PD=10.6U
    20:  *---------------------------------------------------
    21:  *	# OF MOSEF NMOS       : 3
    22:  *---------------------------------------------------
    23:  *
    24:  C1           CLK      12 0.00021056P 
    25:  *---------------------------------------------------
    26:  *	# OF CAPACITOR C          : 1
    27:  *---------------------------------------------------
    28:  *
    29:  VDD VDD 0 DC 5
    30:  VSS GND 0 DC 0
    31:  CT_I5 Q GND 500F
    32:  VT_I2 CLK GND PULSE ( 0 5 10N 0.1N 0.1N 0.4N 1N )
    33:  VT_I17 D GND PULSE ( 0 5 5N 10N 10N 40N 100N )
    34:  .TRAN 1n 100n
    35:  **********************************************************
    36:  * TSMC 0352P4M
    37:  * SPICE BSIM3 VERSION 3.1 PARAMETERS
    38:  * SPICE 3f5 Level 8, Star-HSPICE Level 49, UTMOST Level 8
    39:  .MODEL NMOS NMOS (                                 LEVEL   = 49
    40:  +VERSION = 3.1            TNOM    = 27             TOX     = 7.6E-9
    41:  +XJ      = 1E-7           NCH     = 2.3579E17      VTH0    = 0.5027514
    42:  +K1      = 0.5359893      K2      = 0.0258172      K3      = 24.6606744
    43:  +K3B     = 1.4055348      W0      = 5.355464E-6    NLX     = 2.404522E-9
    44:  +DVT0W   = 0              DVT1W   = 0              DVT2W   = 0
    45:  +DVT0    = -0.120252      DVT1    = 3.084588E-3    DVT2    = 0.470688
    46:  +U0      = 417.429294     UA      = -1.40534E-13   UB      = 1.355832E-18
    47:  +UC      = 2.939828E-11   VSAT    = 1.208882E5     A0      = 0.9319916
    48:  +AGS     = 0.1686015      B0      = 1.288356E-6    B1      = 5E-6
    49:  +KETA    = 0.0105706      A1      = 0              A2      = 1
    50:  +RDSW    = 1.103044E3     PRWG    = 1.750872E-3    PRWB    = -0.0916512
    51:  +WR      = 1              WINT    = 6.910593E-8    LINT    = 1.993462E-8
    52:  +XL      = -2E-8          XW      = 0              DWG     = 1.047524E-9
    53:  +DWB     = 1.084571E-8    VOFF    = -0.0906265     NFACTOR = 0.6164962
    54:  +CIT     = 0              CDSC    = 5.145568E-6    CDSCD   = 0
    55:  +CDSCB   = 0              ETA0    = 4.63499E-3     ETAB    = -9.189583E-4
    56:  +DSUB    = 0.1150044      PCLM    = 0.7703416      PDIBLC1 = 0.3438859
    57:  +PDIBLC2 = 8.526878E-3    PDIBLCB = 0.0845601      DROUT   = 0.6859339
    58:  +PSCBE1  = 7.23225E9      PSCBE2  = 5.005586E-10   PVAG    = 0.4108257
    59:  +DELTA   = 0.01           MOBMOD  = 1              PRT     = 0
    60:  +UTE     = -1.5           KT1     = -0.11          KT1L    = 0
    61:  +KT2     = 0.022          UA1     = 4.31E-9        UB1     = -7.61E-18
    62:  +UC1     = -5.6E-11       AT      = 3.3E4          WL      = 0
    63:  +WLN     = 1              WW      = -1.22182E-15   WWN     = 1.1837
    64:  +WWL     = 0              LL      = 0              LLN     = 1
    65:  +LW      = 0              LWN     = 1              LWL     = 0
    66:  +CAPMOD  = 2              XPART   = 0.4            CGDO    = 2.95E-10
    67:  +CGSO    = 2.95E-10       CGBO    = 1E-11          CJ      = 1.08158E-3
    68:  +PB      = 0.7719669      MJ      = 0.3252096      CJSW    = 3.480034E-10
    69:  +PBSW    = 0.99           MJSW    = 0.1576976      PVTH0   = -0.0122678
    70:  +PRDSW   = -93.3365259    PK2     = -3.470912E-3   WKETA   = -3.503848E-3
    71:  +LKETA   = -0.0105386      )
    72:  *
    73:  .MODEL PMOS PMOS (                                 LEVEL   = 49
    74:  +VERSION = 3.1            TNOM    = 27             TOX     = 7.6E-9
    75:  +XJ      = 1E-7           NCH     = 8.52E16        VTH0    = -0.6821549
    76:  +K1      = 0.4197546      K2      = -6.11453E-3    K3      = 35.791795
    77:  +K3B     = -2.796173      W0      = 1.990794E-6    NLX     = 4.309814E-7
    78:  +DVT0W   = 0              DVT1W   = 0              DVT2W   = 0
    79:  +DVT0    = 1.134781       DVT1    = 0.3272645      DVT2    = -1.051562E-3
    80:  +U0      = 141.3184274    UA      = 1.024889E-10   UB      = 1.354611E-18
    81:  +UC      = -3.30244E-11   VSAT    = 1.6171E5       A0      = 0.6693235
    82:  +AGS     = 0.2959248      B0      = 2.86196E-6     B1      = 5E-6
    83:  +KETA    = -6.382387E-3   A1      = 0              A2      = 1
    84:  +RDSW    = 3.44286E3      PRWG    = -0.0626736     PRWB    = 0.0981315
    85:  +WR      = 1              WINT    = 5.340142E-8    LINT    = 1.410986E-9
    86:  +XL      = -2E-8          XW      = 0              DWG     = -4.209302E-9
    87:  +DWB     = 1.12145E-8     VOFF    = -0.1154702     NFACTOR = 2
    88:  +CIT     = 0              CDSC    = 0              CDSCD   = 0
    89:  +CDSCB   = 4.724734E-5    ETA0    = 0.0115959      ETAB    = 2.08259E-4
    90:  +DSUB    = 0.2766226      PCLM    = 7.8965744      PDIBLC1 = 1.97648E-3
    91:  +PDIBLC2 = 8.825766E-3    PDIBLCB = 2.37472E-3     DROUT   = 0.4321935
    92:  +PSCBE1  = 3.010835E10    PSCBE2  = 7.998967E-10   PVAG    = 15
    93:  +DELTA   = 0.01           MOBMOD  = 1              PRT     = 0
    94:  +UTE     = -1.5           KT1     = -0.11          KT1L    = 0
    95:  +KT2     = 0.022          UA1     = 4.31E-9        UB1     = -7.61E-18
    96:  +UC1     = -5.6E-11       AT      = 3.3E4          WL      = 0
    97:  +WLN     = 1              WW      = -5.22182E-16   WWN     = 1.195
    98:  +WWL     = 0              LL      = 0              LLN     = 1
    99:  +LW      = 0              LWN     = 1              LWL     = 0
   100:  +CAPMOD  = 2              XPART   = 0.4            CGDO    = 2.77E-10
   101:  +CGSO    = 2.77E-10       CGBO    = 1E-11          CJ      = 1.417679E-3
   102:  +PB      = 0.99           MJ      = 0.5636812      CJSW    = 4.292884E-10
   103:  +PBSW    = 0.99           MJSW    = 0.3497357      PVTH0   = 0.0116448
   104:  +PRDSW   = -58.3059685    PK2     = 1.654991E-3    WKETA   = -6.310553E-4
   105:  

***************************  Model Parameters  ****************************


***************  Device Parameters (Only for .op analysis)  ***************



**************************  Analysis Parameters  **************************

	Stepsize ............ : 1n
	Final time .......... : 100n
	Use Initial Conditions: Off



**************  Options (Only those different from default)  **************



*************************  Simulation Statistics  *************************

	Total number of iterations.....................: 174
	Number of iterations for transient analysis....: 0
	Total number of timepoints.....................: 0
	Number of timepoints accepted..................: 0
	Number of timepoints rejected..................: 0
	Total analysis time (sec)......................: 0.004
	Transient analysis time (sec)..................: 0
	Time spent in device loading (sec).............: 0.002
	Time spent in L-U decomposition (sec)..........: 0
	Time spent in matrix reordering (sec)..........: 0
	Time spent in matrix solving (sec).............: 0
	Time spent in transient L-U decomposition (sec): 0
	Time spent in transient matrix solving (sec)...: 0

***************************  Kernel Messages  *****************************

Circuit: LATCHVER2

Warning: parameter xl not supported; value ignored
Warning: parameter xw not supported; value ignored
Warning: parameter xl not supported; value ignored
Warning: parameter xw not supported; value ignored
Warning: vt_i17: no DC value, transient time 0 value used
Warning: vt_i2: no DC value, transient time 0 value used
Warning: Node 12 has no DC path to ground
Warning: singular matrix:  check nodes 12 and 12

Warning: singular matrix:  check nodes 12 and 12

Warning: Gmin stepping failed
Warning: singular matrix:  check nodes 12 and 12

Warning: source stepping failed
doAnalyses: Unknown error code 102

run simulation aborted

